<?xml version="1.0" encoding="UTF-8"?>
<!-- Generated by org.testng.reporters.JUnitXMLReporter -->
<testsuite hostname="LAPTOP-BICUJ9MF" ignored="2" name="POMFreeCRM" tests="1" failures="1" timestamp="29 Oct 2019 04:55:53 GMT" time="119.072" errors="0">
  <testcase name="verifyUserName" time="2.134" classname="WebManager.HomePageTest">
    <failure type="java.lang.AssertionError" message="expected [test] but found [Dan shab]">
      <![CDATA[java.lang.AssertionError: expected [test] but found [Dan shab]
at WebManager.HomePageTest.verifyUserName(HomePageTest.java:68)
... Removed 30 stack frames]]>
    </failure>
  </testcase> <!-- verifyUserName -->
  <testcase name="verifyUserID" time="0.0" classname="WebManager.HomePageTest">
    <ignored/>
  </testcase> <!-- verifyUserID -->
  <testcase name="verifyDeal" time="0.0" classname="WebManager.HomePageTest">
    <ignored/>
  </testcase> <!-- verifyDeal -->
</testsuite> <!-- POMFreeCRM -->
