<?xml version="1.0" encoding="UTF-8"?>
<testng-results skipped="0" failed="1" ignored="2" total="3" passed="0">
  <reporter-output>
  </reporter-output>
  <suite name="Default Suite" duration-ms="119072" started-at="2019-10-29T04:53:54Z" finished-at="2019-10-29T04:55:53Z">
    <groups>
    </groups>
    <test name="POMFreeCRM" duration-ms="119072" started-at="2019-10-29T04:53:54Z" finished-at="2019-10-29T04:55:53Z">
      <class name="WebManager.HomePageTest">
        <test-method status="PASS" signature="setExtent()[pri:0, instance:WebManager.HomePageTest@2ed94a8b]" name="setExtent" is-config="true" duration-ms="618" started-at="2019-10-29T04:53:54Z" finished-at="2019-10-29T04:53:54Z">
          <reporter-output>
          </reporter-output>
        </test-method> <!-- setExtent -->
        <test-method status="PASS" signature="Setup()[pri:0, instance:WebManager.HomePageTest@2ed94a8b]" name="Setup" is-config="true" duration-ms="90834" started-at="2019-10-29T04:53:54Z" finished-at="2019-10-29T04:55:25Z">
          <reporter-output>
          </reporter-output>
        </test-method> <!-- Setup -->
        <test-method status="FAIL" signature="verifyUserName()[pri:0, instance:WebManager.HomePageTest@2ed94a8b]" name="verifyUserName" duration-ms="2134" started-at="2019-10-29T04:55:25Z" finished-at="2019-10-29T04:55:27Z">
          <exception class="java.lang.AssertionError">
            <message>
              <![CDATA[expected [test] but found [Dan shab]]]>
            </message>
            <full-stacktrace>
              <![CDATA[java.lang.AssertionError: expected [test] but found [Dan shab]
at org.testng.Assert.fail(Assert.java:96)
at org.testng.Assert.failNotEquals(Assert.java:776)
at org.testng.Assert.assertEqualsImpl(Assert.java:137)
at org.testng.Assert.assertEquals(Assert.java:118)
at org.testng.Assert.assertEquals(Assert.java:453)
at org.testng.Assert.assertEquals(Assert.java:463)
at WebManager.HomePageTest.verifyUserName(HomePageTest.java:68)
at sun.reflect.NativeMethodAccessorImpl.invoke0(Native Method)
at sun.reflect.NativeMethodAccessorImpl.invoke(NativeMethodAccessorImpl.java:62)
at sun.reflect.DelegatingMethodAccessorImpl.invoke(DelegatingMethodAccessorImpl.java:43)
at java.lang.reflect.Method.invoke(Method.java:498)
at org.testng.internal.MethodInvocationHelper.invokeMethod(MethodInvocationHelper.java:124)
at org.testng.internal.Invoker.invokeMethod(Invoker.java:583)
at org.testng.internal.Invoker.invokeTestMethod(Invoker.java:719)
at org.testng.internal.Invoker.invokeTestMethods(Invoker.java:989)
at org.testng.internal.TestMethodWorker.invokeTestMethods(TestMethodWorker.java:125)
at org.testng.internal.TestMethodWorker.run(TestMethodWorker.java:109)
at org.testng.TestRunner.privateRun(TestRunner.java:648)
at org.testng.TestRunner.run(TestRunner.java:505)
at org.testng.SuiteRunner.runTest(SuiteRunner.java:455)
at org.testng.SuiteRunner.runSequentially(SuiteRunner.java:450)
at org.testng.SuiteRunner.privateRun(SuiteRunner.java:415)
at org.testng.SuiteRunner.run(SuiteRunner.java:364)
at org.testng.SuiteRunnerWorker.runSuite(SuiteRunnerWorker.java:52)
at org.testng.SuiteRunnerWorker.run(SuiteRunnerWorker.java:84)
at org.testng.TestNG.runSuitesSequentially(TestNG.java:1208)
at org.testng.TestNG.runSuitesLocally(TestNG.java:1137)
at org.testng.TestNG.runSuites(TestNG.java:1049)
at org.testng.TestNG.run(TestNG.java:1017)
at org.testng.IDEARemoteTestNG.run(IDEARemoteTestNG.java:73)
at org.testng.RemoteTestNGStarter.main(RemoteTestNGStarter.java:123)
]]>
            </full-stacktrace>
          </exception> <!-- java.lang.AssertionError -->
          <reporter-output>
          </reporter-output>
        </test-method> <!-- verifyUserName -->
        <test-method status="PASS" signature="tearDown(org.testng.ITestResult)[pri:0, instance:WebManager.HomePageTest@2ed94a8b]" name="tearDown" is-config="true" duration-ms="18051" started-at="2019-10-29T04:55:35Z" finished-at="2019-10-29T04:55:53Z">
          <params>
            <param index="0">
              <value>
                <![CDATA[[TestResult name=verifyUserName status=FAILURE method=HomePageTest.verifyUserName()[pri:0, instance:WebManager.HomePageTest@2ed94a8b] output={null}]]]>
              </value>
            </param>
          </params>
          <reporter-output>
          </reporter-output>
        </test-method> <!-- tearDown -->
      </class> <!-- WebManager.HomePageTest -->
    </test> <!-- POMFreeCRM -->
  </suite> <!-- Default Suite -->
</testng-results>
